C51 COMPILER V9.00   _距程序                                                              10/25/2011 17:26:04 PAGE 1   


C51 COMPILER V9.00, COMPILATION OF MODULE _距程序
OBJECT MODULE PLACED IN 测距程序.OBJ
COMPILER INVOKED BY: E:\安装软件\keil-51\C51\BIN\C51.EXE 测距程序.C BROWSE DEBUG OBJECTEXTEND

line level    source

   1          /******************************************************************************/
   2          /*  Name:  LCD12864(St7920/St7921)+超声波测距模块+STC89C52                    */
   3          /*  HC-SR04 超声波测距模块 DEMO 程序                                                                          */
   4          /*  晶振：11.0592M                                                            */
   5          /*  接线：模块TRIG接 P1.2  ECH0 接P1.1                                                                            */
   6          /*      RS(CS)    接  P3.3;                                                                                                   */
   7          /*      RW(SID)   接  P3.4;                                                                                           */
   8          /*      E(SCLK)   接  P3.5;                                                                                               */
   9          /*      PSB       接  GND 串行模式                                                                                    */
  10          /******************************************************************************/
  11              #include   <AT89X51.H>
  12                  #include   <intrins.h>  
  13          //引脚定义
  14              sbit     RX    =  P1 ^ 1;
  15              sbit     TX    =  P1 ^ 2;
  16              sbit     CS    =  P3 ^ 3;   //片选 高电平有效 单片LCD使用时可固定高电平
  17              sbit     SID   =  P3 ^ 4;   //数据
  18              sbit     SCLK  =  P3 ^ 5;   //时钟
  19          
  20          //Function Definition　函数声明 
  21          void Delay(int num);
  22          void Init_DS18B20(void);
  23          unsigned char ReadOneChar(void);
  24          void WriteOneChar(unsigned char dat);
  25          unsigned int ReadTemperature(void);
  26          void clock_out(unsigned char dd);
  27          unsigned char clock_in(void);
  28          unsigned char read_clock(unsigned char ord);
  29          void write_clock(unsigned char ord, unsigned char dd);
  30          void Disp(void);
  31          void id_case1_key(void);
  32          void id_case2_key(void);
  33          void Set_time(unsigned char sel,bit sel_1);
  34          void Timer0_Init(void);
  35          void Init_1302(void);
  36          void Set_Bell(unsigned char sel, bit sel_1);
  37          void Bell(void);
  38          //12864
  39          void Write_char(bit start, unsigned char ddata);
  40          void Send_byte(unsigned char bbyte);
  41          void Delaynms(unsigned int di);
  42          void Lcd_init(void);
  43          void Disp_img(unsigned char *img);
  44          void LCD_Write_string(unsigned char X,unsigned char Y,unsigned char *s);
  45          void LCD_set_xy( unsigned char x, unsigned char y );
  46          unsigned char code num[]={"0123456789 :.-"};
  47          unsigned char code waves[]={"超声波测距系统"};
  48          unsigned char code znwk[] ={"智能微控工作室"};
  49          unsigned char code CM[] =  {"M"};
  50          unsigned int  time=0;
  51                   long S=0;
  52                   bit  flag =0;
  53          unsigned char disbuff[4]           ={ 0,0,0,0,};
  54          unsigned char code logo[]={  
  55          /*--  调入了一幅图像：logo.bmp  -- */ 
C51 COMPILER V9.00   _距程序                                                              10/25/2011 17:26:04 PAGE 2   

  56          /*--  宽度x高度=128x64 欢迎使用本产品LOGO --*/
  57          /*--  调入了一幅图像：C:\Documents and Settings\lwd\桌面\新建文件夹\X.bmp  --*/
  58          /*--  宽度x高度=128x64  --*/
  59          0x00,0x00,0x00,0x00,0x00,0x00,0x00,0x00,0x00,0x00,0x00,0x00,0x00,0x00,0x00,0x00,
  60          0x00,0x00,0x00,0x00,0x00,0x00,0x00,0x00,0x00,0x00,0x00,0x00,0x00,0x00,0x00,0x00,
  61          0x00,0x00,0x00,0x00,0x00,0x00,0x00,0x00,0x00,0x00,0x00,0x00,0x00,0x00,0x00,0x00,
  62          0x00,0x00,0x00,0xC0,0x00,0x00,0x00,0x00,0x00,0x00,0x60,0x00,0x00,0x00,0x00,0x00,
  63          0x00,0x00,0x00,0xE0,0x00,0x00,0x0C,0x00,0x00,0x40,0x70,0x00,0x00,0x00,0x80,0x00,
  64          0x00,0x00,0x00,0xE0,0x00,0x00,0x1E,0x00,0x00,0x60,0x70,0x00,0x00,0x0F,0xE0,0x00,
  65          0x00,0x00,0x01,0xC0,0x00,0x60,0x3C,0x00,0x00,0xE0,0x60,0x00,0x1F,0xFF,0xE0,0x00,
  66          0x00,0x00,0x03,0x80,0x00,0x70,0x70,0x40,0x00,0xE0,0x7E,0x00,0x1F,0xE0,0xC0,0x00,
  67          0x00,0x00,0x03,0x00,0x00,0x73,0xC3,0xF0,0x01,0xC3,0xFC,0x00,0x38,0xE1,0xC0,0x00,
  68          0x00,0x03,0xC6,0x3C,0x00,0x33,0x9F,0xF0,0x03,0x8F,0xC0,0x00,0x30,0xC1,0xC0,0x00,
  69          0x00,0x3F,0xEF,0xFE,0x00,0x03,0x1C,0xE0,0x07,0x01,0xCC,0x00,0x31,0xF1,0x80,0x00,
  70          0x00,0x79,0xDF,0xBC,0x00,0x06,0x18,0xC0,0x0E,0x01,0xFE,0x00,0x77,0xF9,0x80,0x00,
  71          0x00,0x01,0xB0,0x30,0x01,0xC6,0x19,0xC0,0x1E,0x7F,0xDE,0x00,0x6F,0x83,0x80,0x00,
  72          0x00,0x23,0xAC,0x60,0x0F,0xE6,0xF1,0x80,0x3E,0x7B,0x38,0x00,0x61,0x83,0x00,0x00,
  73          0x00,0x37,0x0E,0x00,0x0F,0xC7,0xB7,0x80,0xEC,0x63,0x30,0x00,0xE3,0x03,0x00,0x00,
  74          0x00,0x3E,0x0E,0x00,0x01,0x8F,0x37,0x01,0xCC,0x6F,0xF0,0x00,0xC7,0xF7,0x00,0x00,
  75          0x00,0x1E,0x0C,0x00,0x03,0x1E,0x66,0x03,0x0C,0x7F,0x00,0x01,0xFF,0xE6,0x00,0x00,
  76          0x00,0x1E,0x1C,0x00,0x03,0x1C,0x60,0x02,0x19,0xAC,0x00,0x01,0x96,0x06,0x00,0x00,
  77          0x00,0x3E,0x3E,0x00,0x03,0x18,0x60,0x00,0x19,0xFC,0x00,0x03,0x86,0x0E,0x00,0x00,
  78          0x00,0x7E,0x36,0x00,0x03,0x00,0xC0,0x00,0x38,0x78,0x00,0x03,0x06,0x0C,0x00,0x00,
  79          0x00,0xE6,0x67,0x00,0x03,0x00,0xC0,0x00,0x30,0x78,0x00,0x06,0x0C,0x0C,0x00,0x00,
  80          0x01,0xC6,0xC3,0x80,0x7F,0xF0,0xC0,0x00,0x30,0xFE,0x00,0x0E,0x0C,0x1C,0x00,0x00,
  81          0x03,0x81,0x83,0xC0,0x78,0xFF,0x80,0x00,0x61,0xCF,0x80,0x1C,0x08,0x18,0x00,0x00,
  82          0x06,0x07,0x03,0xE0,0x00,0x1F,0xFF,0xE0,0x67,0x07,0xE0,0x38,0x18,0xF8,0x00,0x00,
  83          0x08,0x0E,0x01,0xF8,0x00,0x07,0xFF,0x80,0xCE,0x03,0xF8,0x60,0x00,0x70,0x00,0x00,
  84          0x00,0x18,0x01,0xF8,0x00,0x01,0xFC,0x00,0xC0,0x01,0xFC,0xC0,0x00,0x70,0x00,0x00,
  85          0x00,0x00,0x00,0x00,0x00,0x00,0x00,0x00,0x00,0x00,0x00,0x00,0x00,0x60,0x00,0x00,
  86          0x00,0x00,0x00,0x00,0x00,0x00,0x00,0x00,0x00,0x00,0x00,0x00,0x00,0x00,0x00,0x00,
  87          0x00,0x00,0x00,0x00,0x00,0x00,0x00,0x00,0x00,0x00,0x00,0x00,0x00,0x00,0x00,0x00,
  88          0x00,0x00,0x00,0x00,0x00,0x00,0x10,0x00,0x00,0x00,0x00,0x00,0x00,0x00,0x00,0x00,
  89          0x00,0x00,0x06,0x00,0x00,0x00,0x1C,0x00,0x00,0x00,0x00,0x00,0x00,0x00,0x00,0x00,
  90          0x00,0x00,0x07,0x00,0x00,0x00,0x1C,0x00,0x00,0x00,0x00,0x00,0x00,0x00,0x00,0x00,
  91          0x00,0x00,0x06,0x00,0x00,0x00,0x0C,0xE0,0x00,0x01,0xE0,0x00,0x00,0x00,0x00,0x00,
  92          0x00,0x00,0x0E,0x00,0x00,0x00,0x3F,0xE0,0x00,0xFF,0xF0,0x00,0x38,0x00,0xE0,0x00,
  93          0x00,0x00,0x0C,0x00,0x00,0x0F,0xFF,0x80,0x00,0xF8,0xF0,0x00,0x38,0x00,0xE0,0x00,
  94          0x00,0x00,0x0C,0xF0,0x00,0x0F,0xC7,0x00,0x00,0x60,0xE0,0x00,0x38,0x00,0xE0,0x00,
  95          0x00,0x00,0x1F,0xF0,0x00,0x01,0x8E,0x00,0x00,0x60,0xC0,0x00,0x70,0x01,0xC0,0x00,
  96          0x00,0x07,0xFF,0x80,0x00,0x01,0x8C,0x00,0x00,0xE1,0x80,0x00,0x70,0x01,0xC0,0x00,
  97          0x00,0x07,0xF8,0x00,0x00,0x01,0x98,0x00,0x00,0xDF,0xC0,0x00,0x70,0x01,0xC0,0x00,
  98          0x00,0x00,0x78,0x00,0x00,0x01,0xBF,0xE0,0x00,0xFF,0x00,0x00,0x60,0x01,0x80,0x00,
  99          0x00,0x00,0xFC,0x00,0x00,0x7F,0xFF,0xE0,0x00,0xC0,0x00,0x00,0xE0,0x03,0x80,0x00,
 100          0x00,0x01,0xFE,0x00,0x00,0x7F,0xF8,0x00,0x00,0x00,0x00,0x00,0xC0,0x03,0x00,0x00,
 101          0x00,0x03,0xB7,0x00,0x00,0x60,0x00,0x00,0x00,0x00,0x3C,0x00,0xC0,0x03,0x00,0x00,
 102          0x00,0x07,0x67,0x00,0x00,0x60,0x00,0x00,0x03,0x9F,0xFE,0x00,0x80,0x02,0x00,0x00,
 103          0x00,0x0E,0x63,0x80,0x00,0xE0,0x00,0x01,0xFF,0xCF,0x1E,0x01,0x80,0x06,0x00,0x00,
 104          0x00,0x1C,0xE1,0xE0,0x00,0xC0,0x00,0x00,0xE3,0x9C,0x38,0x01,0x80,0x06,0x00,0x00,
 105          0x00,0x38,0xC1,0xF8,0x01,0xC0,0x00,0x00,0xC3,0x18,0x30,0x00,0x00,0x00,0x00,0x00,
 106          0x00,0xE0,0xFC,0xFE,0x03,0x80,0x00,0x01,0xC7,0x18,0x60,0x00,0x00,0x00,0x00,0x00,
 107          0x01,0xDF,0xF8,0xFE,0x03,0x00,0x00,0x01,0x8E,0x1B,0xE0,0x07,0x00,0x1C,0x00,0x00,
 108          0x07,0x07,0x80,0x00,0x07,0x00,0x00,0x01,0xFF,0x3F,0xE0,0x07,0x00,0x1C,0x00,0x00,
 109          0x0C,0x03,0x80,0x00,0x0E,0x00,0x00,0x01,0xF0,0x38,0x00,0x0F,0x00,0x3C,0x00,0x00,
 110          0x00,0x03,0x00,0x00,0x1C,0x00,0x00,0x01,0x00,0x20,0x00,0x06,0x00,0x18,0x00,0x00,
 111          0x00,0x03,0x00,0x00,0x38,0x00,0x00,0x00,0x00,0x00,0x00,0x00,0x00,0x00,0x00,0x00,
 112          0x00,0x03,0x00,0x00,0xE0,0x00,0x00,0x00,0x00,0x00,0x00,0x00,0x00,0x00,0x00,0x00,
 113          0x00,0x02,0x00,0x01,0xC0,0x00,0x00,0x00,0x00,0x00,0x00,0x00,0x00,0x00,0x00,0x00,
 114          0x00,0x00,0x00,0x00,0x00,0x00,0x00,0x00,0x00,0x00,0x00,0x00,0x00,0x00,0x00,0x00,
 115          0x00,0x00,0x00,0x00,0x00,0x00,0x00,0x00,0x00,0x00,0x00,0x00,0x00,0x00,0x00,0x00,
 116          0x00,0x00,0x00,0x00,0x00,0x00,0x00,0x00,0x00,0x00,0x00,0x00,0x00,0x00,0x00,0x00,
 117          0x00,0x00,0x00,0x00,0x00,0x00,0x00,0x00,0x00,0x00,0x00,0x00,0x00,0x00,0x00,0x00,
C51 COMPILER V9.00   _距程序                                                              10/25/2011 17:26:04 PAGE 3   

 118          0x00,0x00,0x00,0x00,0x00,0x00,0x00,0x00,0x00,0x00,0x00,0x00,0x00,0x00,0x00,0x00,
 119          0x00,0x00,0x00,0x00,0x00,0x00,0x00,0x00,0x00,0x00,0x00,0x00,0x00,0x00,0x00,0x00,
 120          0x00,0x00,0x00,0x00,0x00,0x00,0x00,0x00,0x00,0x00,0x00,0x00,0x00,0x00,0x00,0x00,
 121          0x00,0x00,0x00,0x00,0x00,0x00,0x00,0x00,0x00,0x00,0x00,0x00,0x00,0x00,0x00,0x00,
 122          0x00,0x00,0x00,0x00,0x00,0x00,0x00,0x00,0x00,0x00,0x00,0x00,0x00,0x00,0x00,0x00,
 123          };
 124          
 125          /******************************************************************************/
 126          void Lcd_init(void)     //初始化LCD 
 127          {
 128   1              Delaynms(10); //启动等待，等LCM讲入工作状态
 129   1              CS=1;
 130   1              Write_char(0,0x30);  //8 位介面，基本指令集
 131   1              Write_char(0,0x0c);  //显示打开，光标关，反白关
 132   1              Write_char(0,0x01);  //清屏，将DDRAM的地址计数器归零  
 133   1      }
 134          
 135          /******************************************************************************/
 136          void Write_char(bit start, unsigned char ddata) //写指令或数据
 137          {
 138   1              unsigned char start_data,Hdata,Ldata;
 139   1              if(start==0) 
 140   1                      start_data=0xf8;         //写指令
 141   1          else    
 142   1              start_data=0xfa;  //写数据
 143   1        
 144   1              Hdata=ddata&0xf0;                 //取高四位
 145   1              Ldata=(ddata<<4)&0xf0;  //取低四位
 146   1              Send_byte(start_data);    //发送起始信号
 147   1              Delaynms(5); //延时是必须的
 148   1              Send_byte(Hdata);             //发送高四位
 149   1              Delaynms(1);  //延时是必须的
 150   1              Send_byte(Ldata);                 //发送低四位
 151   1              Delaynms(1);  //延时是必须的
 152   1      }
 153          
 154          /******************************************************************************/
 155          void Send_byte(unsigned char bbyte) //发送一个字节
 156          {
 157   1              unsigned char i;
 158   1              for(i=0;i<8;i++)
 159   1              {
 160   2                      SID=bbyte&0x80; //取出最高位
 161   2                      SCLK=1;
 162   2                      SCLK=0;
 163   2                      bbyte<<=1; //左移
 164   2              }  
 165   1      }
 166          
 167          /******************************************************************************/
 168          void Delaynms(unsigned int di) //延时
 169          {
 170   1              unsigned int da,db;
 171   1              for(da=0;da<di;da++)
 172   1                      for(db=0;db<10;db++);
 173   1      }
 174          
 175          /******************************************************************************/
 176          void Disp_img(unsigned char  *img)      //图形方式12864显示字模221 横向取膜
 177          { 
 178   1              unsigned char i,j;
 179   1              unsigned int k = 0;
C51 COMPILER V9.00   _距程序                                                              10/25/2011 17:26:04 PAGE 4   

 180   1      
 181   1              Write_char(0,0x36); //图形方式
 182   1              for(i=0;i<32;i++)
 183   1              { 
 184   2                      Write_char(0,0x80+i);
 185   2                      Write_char(0,0x80);
 186   2              for(j=0;j<16;j++) 
 187   2                      {
 188   3                              Write_char(1,img[k++]);
 189   3                      }
 190   2              }
 191   1      
 192   1              for(i=0;i<32;i++)
 193   1              { 
 194   2                      Write_char(0,0x80+i);
 195   2                      Write_char(0,0x88);
 196   2              for(j=0;j<16;j++) 
 197   2                      {
 198   3                              Write_char(1,img[k++]);
 199   3                      }
 200   2              }
 201   1      }
 202                  
 203          /******************************************************************************/
 204          void Clr_Scr(void)//清屏函数
 205          {
 206   1              Write_char(0,0x01);
 207   1      }
 208          
 209          /******************************************************************************/
 210          void LCD_set_xy( unsigned char x, unsigned char y )
 211          {       //设置LCD显示的起始位置，X为行，Y为列
 212   1          unsigned char address;
 213   1              switch(x)
 214   1              {
 215   2                      case 0: address = 0x80 + y; break;    
 216   2              case 1: address = 0x80 + y; break; 
 217   2                      case 2: address = 0x90 + y; break; 
 218   2                      case 3: address = 0x88 + y; break;
 219   2                      case 4: address = 0x98 + y; break; 
 220   2                      default:address = 0x80 + y; break;
 221   2              }
 222   1          Write_char(0, address);
 223   1      }
 224          
 225          /******************************************************************************/
 226          void LCD_Write_string(unsigned char X,unsigned char Y,unsigned char *s)
 227          {       //      中英文字符串显示函数
 228   1              LCD_set_xy( X, Y );
 229   1          
 230   1          while (*s) 
 231   1          {
 232   2                      Write_char( 1, *s );
 233   2                  s ++;
 234   2                      Delaynms(1);
 235   2              }
 236   1      }
 237          
 238          /******************************************************************************/
 239          void LCD_Write_number(unsigned char s)//        数字显示函数
 240          {       
 241   1              Write_char(1,num[s]);
C51 COMPILER V9.00   _距程序                                                              10/25/2011 17:26:04 PAGE 5   

 242   1              Delaynms(1);
 243   1      }
 244          /******************************************************************************/
 245          void Lcd_Mark2(void)
 246          {
 247   1              Clr_Scr();//清屏
 248   1              LCD_Write_string(1,0,znwk);//
 249   1              LCD_Write_string(2,0,waves);//  
 250   1              LCD_Write_string(3,7,CM);//     
 251   1      }
 252          
 253          /********************************************************/
 254              void Conut(void)
 255                  {
 256   1                 time=TH0*256+TL0;
 257   1                 TH0=0;
 258   1                 TL0=0;
 259   1                 S=time*1.87/100;       //算出来是CM    11。0592M晶振
 260   1                 if(flag==1)                //超出测量
 261   1                {      
 262   2                 flag=0;
 263   2                 LCD_set_xy( 3, 4 );
 264   2                 LCD_Write_number(13);
 265   2                 LCD_Write_number(12);
 266   2                 LCD_set_xy( 3, 5 );
 267   2                 LCD_Write_number(13);
 268   2                 LCD_Write_number(13);
 269   2                
 270   2                 }
 271   1               else
 272   1                {
 273   2                 disbuff[1]=S%1000/100;
 274   2                 disbuff[2]=S%1000%100/10;
 275   2                 disbuff[3]=S%1000%10 %10;
 276   2                 LCD_set_xy( 3, 4 );
 277   2                 LCD_Write_number(disbuff[1]);
 278   2                 LCD_Write_number(12);
 279   2                 LCD_set_xy( 3, 5 );
 280   2                 LCD_Write_number(disbuff[2]);
 281   2                 LCD_Write_number(disbuff[3]);
 282   2                }
 283   1              }
 284          /********************************************************/ 
 285          void delayms(unsigned int ms)
 286          {
 287   1              unsigned char i=100,j;
 288   1              for(;ms;ms--)
 289   1              {
 290   2                      while(--i)
 291   2                      {
 292   3                              j=10;
 293   3                              while(--j);
 294   3                      }
 295   2              }
 296   1      }
 297          /********************************************************/
 298               void zd0() interrupt 1              //T0中断用来计数器溢出,超过测距范围
 299            {
 300   1          flag=1;                                                      //中断溢出标志
 301   1        }
 302          /********************************************************/
 303             void  StartModule()                   //T1中断用来扫描数码管和计800MS启动模块
C51 COMPILER V9.00   _距程序                                                              10/25/2011 17:26:04 PAGE 6   

 304            {
 305   1                TX=1;                                  //800MS  启动一次模块
 306   1                _nop_(); 
 307   1                _nop_(); 
 308   1                _nop_(); 
 309   1                _nop_(); 
 310   1                _nop_(); 
 311   1                _nop_(); 
 312   1                _nop_(); 
 313   1                _nop_(); 
 314   1                _nop_(); 
 315   1                _nop_(); 
 316   1                _nop_(); 
 317   1                _nop_(); 
 318   1                _nop_(); 
 319   1                _nop_(); 
 320   1                _nop_(); 
 321   1                _nop_(); 
 322   1                _nop_();
 323   1                _nop_(); 
 324   1                _nop_(); 
 325   1                _nop_(); 
 326   1                _nop_();
 327   1                TX=0;
 328   1        }
 329          /********************************************************/
 330          void main(void)
 331          {  
 332   1          TMOD=0x01;             //设T0为方式1，GATE=1
 333   1              TH0=0;
 334   1              TL0=0; 
 335   1              TR0=1; 
 336   1      
 337   1              Lcd_init();       //设置液晶显示器
 338   1              Clr_Scr();        //清屏        
 339   1              Disp_img(logo);   //显示欢迎使用本产品LOGO
 340   1              Delaynms(1000);
 341   1              Lcd_init();       //从图形显示状态下返回
 342   1          Lcd_Mark2();
 343   1      
 344   1      
 345   1              while(1)
 346   1              {
 347   2               StartModule();  
 348   2                                              //计算
 349   2               while(!RX);            //当RX为零时等待
 350   2               TR0=1;                     //开启计数
 351   2               while(RX);                     //当RX为1计数并等待
 352   2               TR0=0;                         //关闭计数
 353   2               Conut();
 354   2               delayms(80);           //80MS
 355   2      
 356   2              }
 357   1      
 358   1      }              


MODULE INFORMATION:   STATIC OVERLAYABLE
   CODE SIZE        =    872    ----
   CONSTANT SIZE    =   1071    ----
   XDATA SIZE       =   ----    ----
   PDATA SIZE       =   ----    ----
C51 COMPILER V9.00   _距程序                                                              10/25/2011 17:26:04 PAGE 7   

   DATA SIZE        =     10      15
   IDATA SIZE       =   ----    ----
   BIT SIZE         =      1       1
END OF MODULE INFORMATION.


C51 COMPILATION COMPLETE.  0 WARNING(S),  0 ERROR(S)
